<?xml version="1.0" encoding="UTF-8"?>
<!-- Generated by org.testng.reporters.JUnitXMLReporter -->
<testsuite hostname="miaoyan" name="TestHomeScreen" tests="8" failures="0" timestamp="22 Dec 2015 09:22:28 GMT" time="101.002" errors="0">
  <testcase name="testAskClick" time="4.868" classname="com.csdn.iteye.TestHomeScreen"/>
  <testcase name="testBlogClick" time="4.72" classname="com.csdn.iteye.TestHomeScreen"/>
  <testcase name="testColumnClick" time="2.232" classname="com.csdn.iteye.TestHomeScreen"/>
  <testcase name="testEssenceClick" time="3.352" classname="com.csdn.iteye.TestHomeScreen"/>
  <testcase name="testForumClick" time="1.236" classname="com.csdn.iteye.TestHomeScreen"/>
  <testcase name="testGroupClick" time="1.532" classname="com.csdn.iteye.TestHomeScreen"/>
  <testcase name="testNewsClick" time="4.524" classname="com.csdn.iteye.TestHomeScreen"/>
  <testcase name="testSearchClick" time="22.813" classname="com.csdn.iteye.TestHomeScreen"/>
</testsuite> <!-- TestHomeScreen -->
