<?xml version="1.0" encoding="UTF-8"?>
<!-- Generated by org.testng.reporters.JUnitXMLReporter -->
<testsuite hostname="miaoyan-PC" name="Default test" tests="1" failures="0" timestamp="30 Mar 2015 08:22:54 GMT" time="50.5" errors="0">
  <testcase name="@BeforeMethod startUp" time="0.0" classname="testng.TestGetHandle">
    <failure type="org.openqa.selenium.WebDriverException" message="Failed to connect to binary FirefoxBinary(C:\Program Files (x86)\Mozilla Firefox\firefox.exe) on port 7056; process output follows: 
rceURI&amp;quot;:&amp;quot;file:///C:/Program%20Files%20(x86)/Mozilla%20Firefox/distribution/myextensions/cemigration@mozillaonline.com.xpi&amp;quot;,&amp;quot;releaseNotesURI&amp;quot;:null,&amp;quot;softDisabled&amp;quot;:false,&amp;quot;foreignInstall&amp;quot;:false,&amp;quot;hasBinaryComponents&amp;quot;:false,&amp;quot;strictCompatibility&amp;quot;:true,&amp;quot;locales&amp;quot;:[{&amp;quot;locales&amp;quot;:[&amp;quot;zh-CN&amp;quot;],&amp;quot;name&amp;quot;:&amp;quot;鏁版嵁瀵煎叆&amp;quot;,&amp;quot;description&amp;quot;:&amp;quot;灏嗗叾浠栨祻瑙堝櫒鏁版嵁瀵煎叆鍒扮伀鐙�,&amp;quot;creator&amp;quot;:&amp;quot;Mozilla Online Limited&amp;quot;,&amp;quot;homepageURL&amp;quot;:&amp;quot;http://www.firefox.com.cn/&amp;quot;}],&amp;quot;targetApplications&amp;quot;:[{&amp;quot;id&amp;quot;:&amp;quot;{ec8030f7-c20a-464f-9b0e-13a3a9e97384}&amp;quot;,&amp;quot;minVersion&amp;quot;:&amp;quot;35.0&amp;quot;,&amp;quot;maxVersion&amp;quot;:&amp;quot;35.*&amp;quot;}],&amp;quot;targetPlatforms&amp;quot;:[],&amp;quot;multiprocessCompatible&amp;quot;:false}
1427703729864	addons.xpi	DEBUG	getModTime: Recursive scan of cemigration@mozillaonline.com
1427703729866	DeferredSave.extensions.json	DEBUG	Save changes
1427703729866	DeferredSave.extensions.json	DEBUG	Save changes
1427703729866	addons.xpi	DEBUG	Install of file:///C:/Program%20Files%20(x86)/Mozilla%20Firefox/distribution/myextensions/cemigration@mozillaonline.com.xpi completed.
1427703729867	DeferredSave.extensions.json	DEBUG	Starting timer
1427703729867	addons.xpi	DEBUG	removeTemporaryFile: file:///C:/Program%20Files%20(x86)/Mozilla%20Firefox/distribution/myextensions/cemigration@mozillaonline.com.xpi does not own temp file
1427703729888	DeferredSave.extensions.json	DEBUG	Starting write
1427703729892	DeferredSave.extensions.json	DEBUG	Write succeeded
1427703730019	addons.repository	DEBUG	Got metadata search load event
1427703730019	DeferredSave.addons.json	DEBUG	Save changes
1427703730019	DeferredSave.addons.json	DEBUG	Starting timer
1427703730047	addons.xpi	DEBUG	Staged install of coba@mozilla.com.cn from file:///C:/Program%20Files%20(x86)/Mozilla%20Firefox/distribution/myextensions/coba@mozilla.com.cn.xpi ready; waiting for restart.
1427703730047	addons.xpi	DEBUG	removeTemporaryFile: file:///C:/Program%20Files%20(x86)/Mozilla%20Firefox/distribution/myextensions/coba@mozilla.com.cn.xpi does not own temp file
1427703730072	DeferredSave.addons.json	DEBUG	Starting write
1427703730075	DeferredSave.addons.json	DEBUG	Write succeeded
1427703730076	addons.xpi	DEBUG	Starting install of cehomepage@mozillaonline.com from file:///C:/Program%20Files%20(x86)/Mozilla%20Firefox/distribution/myextensions/cehomepage@mozillaonline.com.xpi
1427703730076	addons.xpi	DEBUG	Addon cehomepage@mozillaonline.com will be installed as an unpacked directory
1427703730672	addons.xpi	DEBUG	Staged install of cehomepage@mozillaonline.com from file:///C:/Program%20Files%20(x86)/Mozilla%20Firefox/distribution/myextensions/cehomepage@mozillaonline.com.xpi ready; waiting for restart.
1427703730673	addons.xpi	DEBUG	removeTemporaryFile: file:///C:/Program%20Files%20(x86)/Mozilla%20Firefox/distribution/myextensions/cehomepage@mozillaonline.com.xpi does not own temp file
1427703730908	addons.xpi	DEBUG	Staged install of cpmanager@mozillaonline.com from file:///C:/Program%20Files%20(x86)/Mozilla%20Firefox/distribution/myextensions/cpmanager@mozillaonline.com.xpi ready; waiting for restart.
1427703730917	addons.xpi	DEBUG	removeTemporaryFile: file:///C:/Program%20Files%20(x86)/Mozilla%20Firefox/distribution/myextensions/cpmanager@mozillaonline.com.xpi does not own temp file
1427703737184	addons.xpi	DEBUG	Calling bootstrap method shutdown on wx-assistant@mozillaonline.com version 1.1.3
1427703737186	addons.xpi	DEBUG	Calling bootstrap method shutdown on commonfix@mozillaonline.com version 0.10
1427703737339	addons.manager	DEBUG	shutdown
1427703737339	addons.manager	DEBUG	Calling shutdown blocker for XPIProvider
1427703737339	addons.xpi	DEBUG	shutdown
1427703737339	addons.xpi-utils	DEBUG	shutdown
1427703737339	addons.manager	DEBUG	Calling shutdown blocker for LightweightThemeManager
1427703737340	addons.manager	DEBUG	Calling shutdown blocker for OpenH264Provider
1427703737340	addons.manager	DEBUG	Calling shutdown blocker for PluginProvider
1427703737341	addons.manager	DEBUG	Calling shutdown blocker for &amp;lt;unnamed-provider&amp;gt;
1427703737342	addons.xpi	DEBUG	Notifying XPI shutdown observers
1427703737342	addons.manager	DEBUG	Async provider shutdown done

Build info: version: &amp;apos;2.44.0&amp;apos;, revision: &amp;apos;76d78cf&amp;apos;, time: &amp;apos;2014-10-23 20:03:00&amp;apos;
System info: host: &amp;apos;miaoyan-PC&amp;apos;, ip: &amp;apos;192.168.5.103&amp;apos;, os.name: &amp;apos;Windows 7&amp;apos;, os.arch: &amp;apos;amd64&amp;apos;, os.version: &amp;apos;6.1&amp;apos;, java.version: &amp;apos;1.7.0_21&amp;apos;
Driver info: driver.version: FirefoxDriver">
      <![CDATA[org.openqa.selenium.WebDriverException: Failed to connect to binary FirefoxBinary(C:\Program Files (x86)\Mozilla Firefox\firefox.exe) on port 7056; process output follows: 
rceURI":"file:///C:/Program%20Files%20(x86)/Mozilla%20Firefox/distribution/myextensions/cemigration@mozillaonline.com.xpi","releaseNotesURI":null,"softDisabled":false,"foreignInstall":false,"hasBinaryComponents":false,"strictCompatibility":true,"locales":[{"locales":["zh-CN"],"name":"鏁版嵁瀵煎叆","description":"灏嗗叾浠栨祻瑙堝櫒鏁版嵁瀵煎叆鍒扮伀鐙�,"creator":"Mozilla Online Limited","homepageURL":"http://www.firefox.com.cn/"}],"targetApplications":[{"id":"{ec8030f7-c20a-464f-9b0e-13a3a9e97384}","minVersion":"35.0","maxVersion":"35.*"}],"targetPlatforms":[],"multiprocessCompatible":false}
1427703729864	addons.xpi	DEBUG	getModTime: Recursive scan of cemigration@mozillaonline.com
1427703729866	DeferredSave.extensions.json	DEBUG	Save changes
1427703729866	DeferredSave.extensions.json	DEBUG	Save changes
1427703729866	addons.xpi	DEBUG	Install of file:///C:/Program%20Files%20(x86)/Mozilla%20Firefox/distribution/myextensions/cemigration@mozillaonline.com.xpi completed.
1427703729867	DeferredSave.extensions.json	DEBUG	Starting timer
1427703729867	addons.xpi	DEBUG	removeTemporaryFile: file:///C:/Program%20Files%20(x86)/Mozilla%20Firefox/distribution/myextensions/cemigration@mozillaonline.com.xpi does not own temp file
1427703729888	DeferredSave.extensions.json	DEBUG	Starting write
1427703729892	DeferredSave.extensions.json	DEBUG	Write succeeded
1427703730019	addons.repository	DEBUG	Got metadata search load event
1427703730019	DeferredSave.addons.json	DEBUG	Save changes
1427703730019	DeferredSave.addons.json	DEBUG	Starting timer
1427703730047	addons.xpi	DEBUG	Staged install of coba@mozilla.com.cn from file:///C:/Program%20Files%20(x86)/Mozilla%20Firefox/distribution/myextensions/coba@mozilla.com.cn.xpi ready; waiting for restart.
1427703730047	addons.xpi	DEBUG	removeTemporaryFile: file:///C:/Program%20Files%20(x86)/Mozilla%20Firefox/distribution/myextensions/coba@mozilla.com.cn.xpi does not own temp file
1427703730072	DeferredSave.addons.json	DEBUG	Starting write
1427703730075	DeferredSave.addons.json	DEBUG	Write succeeded
1427703730076	addons.xpi	DEBUG	Starting install of cehomepage@mozillaonline.com from file:///C:/Program%20Files%20(x86)/Mozilla%20Firefox/distribution/myextensions/cehomepage@mozillaonline.com.xpi
1427703730076	addons.xpi	DEBUG	Addon cehomepage@mozillaonline.com will be installed as an unpacked directory
1427703730672	addons.xpi	DEBUG	Staged install of cehomepage@mozillaonline.com from file:///C:/Program%20Files%20(x86)/Mozilla%20Firefox/distribution/myextensions/cehomepage@mozillaonline.com.xpi ready; waiting for restart.
1427703730673	addons.xpi	DEBUG	removeTemporaryFile: file:///C:/Program%20Files%20(x86)/Mozilla%20Firefox/distribution/myextensions/cehomepage@mozillaonline.com.xpi does not own temp file
1427703730908	addons.xpi	DEBUG	Staged install of cpmanager@mozillaonline.com from file:///C:/Program%20Files%20(x86)/Mozilla%20Firefox/distribution/myextensions/cpmanager@mozillaonline.com.xpi ready; waiting for restart.
1427703730917	addons.xpi	DEBUG	removeTemporaryFile: file:///C:/Program%20Files%20(x86)/Mozilla%20Firefox/distribution/myextensions/cpmanager@mozillaonline.com.xpi does not own temp file
1427703737184	addons.xpi	DEBUG	Calling bootstrap method shutdown on wx-assistant@mozillaonline.com version 1.1.3
1427703737186	addons.xpi	DEBUG	Calling bootstrap method shutdown on commonfix@mozillaonline.com version 0.10
1427703737339	addons.manager	DEBUG	shutdown
1427703737339	addons.manager	DEBUG	Calling shutdown blocker for XPIProvider
1427703737339	addons.xpi	DEBUG	shutdown
1427703737339	addons.xpi-utils	DEBUG	shutdown
1427703737339	addons.manager	DEBUG	Calling shutdown blocker for LightweightThemeManager
1427703737340	addons.manager	DEBUG	Calling shutdown blocker for OpenH264Provider
1427703737340	addons.manager	DEBUG	Calling shutdown blocker for PluginProvider
1427703737341	addons.manager	DEBUG	Calling shutdown blocker for <unnamed-provider>
1427703737342	addons.xpi	DEBUG	Notifying XPI shutdown observers
1427703737342	addons.manager	DEBUG	Async provider shutdown done

Build info: version: '2.44.0', revision: '76d78cf', time: '2014-10-23 20:03:00'
System info: host: 'miaoyan-PC', ip: '192.168.5.103', os.name: 'Windows 7', os.arch: 'amd64', os.version: '6.1', java.version: '1.7.0_21'
Driver info: driver.version: FirefoxDriver
	at org.openqa.selenium.firefox.internal.NewProfileExtensionConnection.start(NewProfileExtensionConnection.java:130)
	at org.openqa.selenium.firefox.FirefoxDriver.startClient(FirefoxDriver.java:246)
	at org.openqa.selenium.remote.RemoteWebDriver.<init>(RemoteWebDriver.java:114)
	at org.openqa.selenium.firefox.FirefoxDriver.<init>(FirefoxDriver.java:193)
	at org.openqa.selenium.firefox.FirefoxDriver.<init>(FirefoxDriver.java:186)
	at org.openqa.selenium.firefox.FirefoxDriver.<init>(FirefoxDriver.java:182)
	at org.openqa.selenium.firefox.FirefoxDriver.<init>(FirefoxDriver.java:95)
	at testng.TestGetHandle.startUp(TestGetHandle.java:15)
	at sun.reflect.NativeMethodAccessorImpl.invoke0(Native Method)
	at sun.reflect.NativeMethodAccessorImpl.invoke(NativeMethodAccessorImpl.java:57)
	at sun.reflect.DelegatingMethodAccessorImpl.invoke(DelegatingMethodAccessorImpl.java:43)
	at java.lang.reflect.Method.invoke(Method.java:601)
	at org.testng.internal.MethodInvocationHelper.invokeMethod(MethodInvocationHelper.java:84)
	at org.testng.internal.Invoker.invokeConfigurationMethod(Invoker.java:564)
	at org.testng.internal.Invoker.invokeConfigurations(Invoker.java:213)
	at org.testng.internal.Invoker.invokeMethod(Invoker.java:653)
	at org.testng.internal.Invoker.invokeTestMethod(Invoker.java:901)
	at org.testng.internal.Invoker.invokeTestMethods(Invoker.java:1231)
	at org.testng.internal.TestMethodWorker.invokeTestMethods(TestMethodWorker.java:127)
	at org.testng.internal.TestMethodWorker.run(TestMethodWorker.java:111)
	at org.testng.TestRunner.privateRun(TestRunner.java:767)
	at org.testng.TestRunner.run(TestRunner.java:617)
	at org.testng.SuiteRunner.runTest(SuiteRunner.java:334)
	at org.testng.SuiteRunner.runSequentially(SuiteRunner.java:329)
	at org.testng.SuiteRunner.privateRun(SuiteRunner.java:291)
	at org.testng.SuiteRunner.run(SuiteRunner.java:240)
	at org.testng.SuiteRunnerWorker.runSuite(SuiteRunnerWorker.java:52)
	at org.testng.SuiteRunnerWorker.run(SuiteRunnerWorker.java:86)
	at org.testng.TestNG.runSuitesSequentially(TestNG.java:1224)
	at org.testng.TestNG.runSuitesLocally(TestNG.java:1149)
	at org.testng.TestNG.run(TestNG.java:1057)
	at org.testng.remote.RemoteTestNG.run(RemoteTestNG.java:111)
	at org.testng.remote.RemoteTestNG.initAndRun(RemoteTestNG.java:204)
	at org.testng.remote.RemoteTestNG.main(RemoteTestNG.java:175)
Caused by: org.openqa.selenium.firefox.NotConnectedException: Unable to connect to host 127.0.0.1 on port 7056 after 45000 ms. Firefox console output:
rceURI":"file:///C:/Program%20Files%20(x86)/Mozilla%20Firefox/distribution/myextensions/cemigration@mozillaonline.com.xpi","releaseNotesURI":null,"softDisabled":false,"foreignInstall":false,"hasBinaryComponents":false,"strictCompatibility":true,"locales":[{"locales":["zh-CN"],"name":"鏁版嵁瀵煎叆","description":"灏嗗叾浠栨祻瑙堝櫒鏁版嵁瀵煎叆鍒扮伀鐙�,"creator":"Mozilla Online Limited","homepageURL":"http://www.firefox.com.cn/"}],"targetApplications":[{"id":"{ec8030f7-c20a-464f-9b0e-13a3a9e97384}","minVersion":"35.0","maxVersion":"35.*"}],"targetPlatforms":[],"multiprocessCompatible":false}
1427703729864	addons.xpi	DEBUG	getModTime: Recursive scan of cemigration@mozillaonline.com
1427703729866	DeferredSave.extensions.json	DEBUG	Save changes
1427703729866	DeferredSave.extensions.json	DEBUG	Save changes
1427703729866	addons.xpi	DEBUG	Install of file:///C:/Program%20Files%20(x86)/Mozilla%20Firefox/distribution/myextensions/cemigration@mozillaonline.com.xpi completed.
1427703729867	DeferredSave.extensions.json	DEBUG	Starting timer
1427703729867	addons.xpi	DEBUG	removeTemporaryFile: file:///C:/Program%20Files%20(x86)/Mozilla%20Firefox/distribution/myextensions/cemigration@mozillaonline.com.xpi does not own temp file
1427703729888	DeferredSave.extensions.json	DEBUG	Starting write
1427703729892	DeferredSave.extensions.json	DEBUG	Write succeeded
1427703730019	addons.repository	DEBUG	Got metadata search load event
1427703730019	DeferredSave.addons.json	DEBUG	Save changes
1427703730019	DeferredSave.addons.json	DEBUG	Starting timer
1427703730047	addons.xpi	DEBUG	Staged install of coba@mozilla.com.cn from file:///C:/Program%20Files%20(x86)/Mozilla%20Firefox/distribution/myextensions/coba@mozilla.com.cn.xpi ready; waiting for restart.
1427703730047	addons.xpi	DEBUG	removeTemporaryFile: file:///C:/Program%20Files%20(x86)/Mozilla%20Firefox/distribution/myextensions/coba@mozilla.com.cn.xpi does not own temp file
1427703730072	DeferredSave.addons.json	DEBUG	Starting write
1427703730075	DeferredSave.addons.json	DEBUG	Write succeeded
1427703730076	addons.xpi	DEBUG	Starting install of cehomepage@mozillaonline.com from file:///C:/Program%20Files%20(x86)/Mozilla%20Firefox/distribution/myextensions/cehomepage@mozillaonline.com.xpi
1427703730076	addons.xpi	DEBUG	Addon cehomepage@mozillaonline.com will be installed as an unpacked directory
1427703730672	addons.xpi	DEBUG	Staged install of cehomepage@mozillaonline.com from file:///C:/Program%20Files%20(x86)/Mozilla%20Firefox/distribution/myextensions/cehomepage@mozillaonline.com.xpi ready; waiting for restart.
1427703730673	addons.xpi	DEBUG	removeTemporaryFile: file:///C:/Program%20Files%20(x86)/Mozilla%20Firefox/distribution/myextensions/cehomepage@mozillaonline.com.xpi does not own temp file
1427703730908	addons.xpi	DEBUG	Staged install of cpmanager@mozillaonline.com from file:///C:/Program%20Files%20(x86)/Mozilla%20Firefox/distribution/myextensions/cpmanager@mozillaonline.com.xpi ready; waiting for restart.
1427703730917	addons.xpi	DEBUG	removeTemporaryFile: file:///C:/Program%20Files%20(x86)/Mozilla%20Firefox/distribution/myextensions/cpmanager@mozillaonline.com.xpi does not own temp file
1427703737184	addons.xpi	DEBUG	Calling bootstrap method shutdown on wx-assistant@mozillaonline.com version 1.1.3
1427703737186	addons.xpi	DEBUG	Calling bootstrap method shutdown on commonfix@mozillaonline.com version 0.10
1427703737339	addons.manager	DEBUG	shutdown
1427703737339	addons.manager	DEBUG	Calling shutdown blocker for XPIProvider
1427703737339	addons.xpi	DEBUG	shutdown
1427703737339	addons.xpi-utils	DEBUG	shutdown
1427703737339	addons.manager	DEBUG	Calling shutdown blocker for LightweightThemeManager
1427703737340	addons.manager	DEBUG	Calling shutdown blocker for OpenH264Provider
1427703737340	addons.manager	DEBUG	Calling shutdown blocker for PluginProvider
1427703737341	addons.manager	DEBUG	Calling shutdown blocker for <unnamed-provider>
1427703737342	addons.xpi	DEBUG	Notifying XPI shutdown observers
1427703737342	addons.manager	DEBUG	Async provider shutdown done

	at org.openqa.selenium.firefox.internal.NewProfileExtensionConnection.start(NewProfileExtensionConnection.java:118)
	... 33 more
]]>
    </failure>
  </testcase> <!-- @BeforeMethod startUp -->
  <testcase name="TestGetHandle_Windows" time="0.0" classname="testng.TestGetHandle">
    <skipped/>
  </testcase> <!-- TestGetHandle_Windows -->
</testsuite> <!-- Default test -->
