<?xml version="1.0" encoding="UTF-8"?>
<testng-results skipped="0" failed="0" total="1" passed="1">
  <reporter-output>
  </reporter-output>
  <suite name="Default suite" duration-ms="20967" started-at="2015-11-30T08:11:02Z" finished-at="2015-11-30T08:11:23Z">
    <groups>
    </groups>
    <test name="Default test" duration-ms="20967" started-at="2015-11-30T08:11:02Z" finished-at="2015-11-30T08:11:23Z">
      <class name="testng.TestMall">
        <test-method status="PASS" signature="setUp()[pri:0, instance:testng.TestMall@dacf27]" name="setUp" is-config="true" duration-ms="8943" started-at="2015-11-30T16:11:02Z" finished-at="2015-11-30T16:11:11Z">
          <reporter-output>
          </reporter-output>
        </test-method> <!-- setUp -->
        <test-method status="PASS" signature="testmall()[pri:0, instance:testng.TestMall@dacf27]" name="testmall" duration-ms="12011" started-at="2015-11-30T16:11:11Z" finished-at="2015-11-30T16:11:23Z">
          <reporter-output>
          </reporter-output>
        </test-method> <!-- testmall -->
      </class> <!-- testng.TestMall -->
    </test> <!-- Default test -->
  </suite> <!-- Default suite -->
</testng-results>
