<?xml version="1.0" encoding="UTF-8"?>
<!-- Generated by org.testng.reporters.JUnitXMLReporter -->
<testsuite hostname="miaoyan" name="TestMyOrder" tests="3" failures="0" timestamp="11 Dec 2015 08:54:12 GMT" time="65.956" errors="0">
  <testcase name="testOrderRetrievalOperation" time="13.874" classname="com.csdn.mallpages.TestMyOrder"/>
  <testcase name="testOrderStatusSelectInfo" time="12.505" classname="com.csdn.mallpages.TestMyOrder"/>
  <testcase name="testOrderTypeSelectInfo" time="16.695" classname="com.csdn.mallpages.TestMyOrder"/>
</testsuite> <!-- TestMyOrder -->
