<?xml version="1.0" encoding="UTF-8"?>
<testng-results skipped="0" failed="0" total="1" passed="1">
  <reporter-output>
  </reporter-output>
  <suite name="Default suite" duration-ms="64784" started-at="2016-01-18T02:47:47Z" finished-at="2016-01-18T02:48:52Z">
    <groups>
    </groups>
    <test name="Default test" duration-ms="64784" started-at="2016-01-18T02:47:47Z" finished-at="2016-01-18T02:48:52Z">
      <class name="com.csdn.csto.TestCreatePro">
        <test-method status="PASS" signature="setUp()[pri:0, instance:com.csdn.csto.TestCreatePro@2dd063b3]" name="setUp" is-config="true" duration-ms="12481" started-at="2016-01-18T10:47:47Z" finished-at="2016-01-18T10:48:00Z">
          <reporter-output>
          </reporter-output>
        </test-method> <!-- setUp -->
        <test-method status="PASS" signature="testCreatePro()[pri:0, instance:com.csdn.csto.TestCreatePro@2dd063b3]" name="testCreatePro" duration-ms="52303" started-at="2016-01-18T10:48:00Z" finished-at="2016-01-18T10:48:52Z">
          <reporter-output>
          </reporter-output>
        </test-method> <!-- testCreatePro -->
      </class> <!-- com.csdn.csto.TestCreatePro -->
    </test> <!-- Default test -->
  </suite> <!-- Default suite -->
</testng-results>
